2
3
2
3
4
5
145
12
12
12
12
4535
4512
512
were
were
were
were
were
were
were
were
were
were
were
were
were
were
were
were
were
date
Mon Dec 26 16:43:34 CST 2016
date
date
date
2016-12-26-16-46
date
2016-12-26-16-47
2016-12-26-17-07
2016-12-26-20-07
2016-12-26-20-12
2016-12-26-20-27
2016-12-26-21-41
2016-12-26-21-43
2016-12-26-22-19
2016-12-26-22
2016-12-26-22
2016-12-26-22
2016-12-26-22
2016-12-26-22
2016-12-26-22
2016-12-26-22
2016-12-26-22
2016-12-26-22
2016-12-26-22-30
2016-12-26-22-31
2016-12-26-22-32
2016-12-26-22-33
2016-12-26-22-34
2016-12-26-22-35
2016-12-26-22-36
2016-12-26-22-37
2016-12-26-22-38
2016-12-26-22-39
2016-12-26-22-40
2016-12-26-22-41
2016-12-26-22-42
2016-12-26-22-43
2016-12-26-22-44
2016-12-26-22-45
2016-12-26-22-46
2016-12-26-22-47
2016-12-26-22-48
2016-12-26-22-49
2016-12-26-22-50
2016-12-26-22-51
2016-12-26-22-52
2016-12-26-22-53
2016-12-26-22-54
2016-12-26-22-55
2016-12-26-22-56
2016-12-26-22-57
2016-12-26-22-58
2016-12-26-22-59
2016-12-26-23-00
2016-12-26-23-01
2016-12-26-23-02
2016-12-26-23-03
2016-12-26-23-04
2016-12-26-23-05
2016-12-26-23-06
2016-12-26-23-07
2016-12-26-23-08
2016-12-26-23-09
2016-12-26-23-10
2016-12-26-23-11
2016-12-26-23-12
2016-12-26-23-13
2016-12-26-23-14
2016-12-26-23-15
2016-12-26-23-16
2016-12-26-23-17
2016-12-26-23-18
2016-12-26-23-19
2016-12-26-23-20
2016-12-26-23-21
2016-12-26-23-22
2016-12-26-23-23
2016-12-26-23-24
2016-12-26-23-25
2016-12-26-23-26
2016-12-26-23-27
2016-12-26-23-28
2016-12-26-23-29
2016-12-26-23-30
2016-12-26-23-31
2016-12-26-23-32
2016-12-26-23-33
2016-12-26-23-34
2016-12-26-23-35
2016-12-26-23-36
2016-12-26-23-37
2016-12-26-23-38
2016-12-26-23-39
2016-12-26-23-40
2016-12-26-23-41
2016-12-26-23-42
2016-12-26-23-43
2016-12-26-23-44
2016-12-26-23-45
2016-12-26-23-46
2016-12-26-23-47
2016-12-26-23-48
2016-12-26-23-49
2016-12-26-23-50
2016-12-26-23-51
2016-12-26-23-52
2016-12-26-23-53
2016-12-26-23-54
2016-12-26-23-55
2016-12-26-23-56
2016-12-26-23-57
2016-12-26-23-58
2016-12-26-23-59
2016-12-27-00-00
2016-12-27-00-01
2016-12-27-00-02
2016-12-27-00-03
2016-12-27-00-04
2016-12-27-00-05
2016-12-27-00-06
2016-12-27-00-07
2016-12-27-00-08
2016-12-27-00-09
2016-12-27-00-10
2016-12-27-00-11
2016-12-27-00-12
2016-12-27-00-13
2016-12-27-00-14
2016-12-27-00-15
2016-12-27-00-16
2016-12-27-00-17
2016-12-27-00-18
2016-12-27-00-19
2016-12-27-00-20
2016-12-27-00-21
2016-12-27-00-22
2016-12-27-00-23
2016-12-27-00-24
2016-12-27-00-25
2016-12-27-00-26
2016-12-27-00-27
2016-12-27-00-28
2016-12-27-00-29
2016-12-27-00-30
2016-12-27-00-31
2016-12-27-00-32
2016-12-27-00-33
2016-12-27-00-34
2016-12-27-00-35
2016-12-27-00-36
2016-12-27-00-37
2016-12-27-00-38
2016-12-27-00-39
2016-12-27-00-40
2016-12-27-00-41
2016-12-27-00-42
2016-12-27-00-43
2016-12-27-00-44
2016-12-27-00-45
2016-12-27-00-46
2016-12-27-00-47
2016-12-27-00-48
2016-12-27-00-49
2016-12-27-00-50
2016-12-27-00-51
2016-12-27-00-52
2016-12-27-00-53
2016-12-27-00-54
2016-12-27-00-55
2016-12-27-00-56
2016-12-27-00-57
2016-12-27-00-58
2016-12-27-00-59
2016-12-27-01-00
2016-12-27-01-01
2016-12-27-01-02
2016-12-27-01-03
2016-12-27-01-04
2016-12-27-01-05
2016-12-27-01-06
2016-12-27-01-07
2016-12-27-01-08
2016-12-27-01-09
2016-12-27-01-10
2016-12-27-01-11
2016-12-27-01-12
2016-12-27-01-13
2016-12-27-01-14
2016-12-27-01-15
2016-12-27-01-16
2016-12-27-01-17
2016-12-27-01-18
2016-12-27-01-19
2016-12-27-01-20
2016-12-27-01-21
2016-12-27-01-22
2016-12-27-01-23
2016-12-27-01-24
2016-12-27-01-25
2016-12-27-01-26
2016-12-27-01-27
2016-12-27-01-28
2016-12-27-01-29
2016-12-27-01-30
2016-12-27-01-31
2016-12-27-01-32
2016-12-27-01-33
2016-12-27-01-34
2016-12-27-01-35
2016-12-27-01-36
2016-12-27-01-37
2016-12-27-01-38
2016-12-27-01-39
2016-12-27-01-40
2016-12-27-01-41
2016-12-27-01-42
2016-12-27-01-43
2016-12-27-01-44
2016-12-27-01-45
2016-12-27-01-46
2016-12-27-01-47
2016-12-27-01-48
2016-12-27-01-49
2016-12-27-01-50
2016-12-27-01-51
2016-12-27-01-52
2016-12-27-01-53
2016-12-27-01-54
2016-12-27-01-55
2016-12-27-01-56
2016-12-27-01-57
2016-12-27-01-58
2016-12-27-01-59
2016-12-27-02-00
2016-12-27-02-01
2016-12-27-02-02
2016-12-27-02-03
2016-12-27-02-04
2016-12-27-02-05
2016-12-27-02-06
2016-12-27-02-07
2016-12-27-02-08
2016-12-27-02-09
2016-12-27-02-10
2016-12-27-02-11
2016-12-27-02-12
2016-12-27-02-13
2016-12-27-02-14
2016-12-27-02-15
2016-12-27-02-16
2016-12-27-02-17
2016-12-27-02-18
2016-12-27-02-19
2016-12-27-02-20
2016-12-27-02-21
2016-12-27-02-22
2016-12-27-02-23
2016-12-27-02-24
2016-12-27-02-25
2016-12-27-02-26
2016-12-27-02-27
2016-12-27-02-28
2016-12-27-02-29
2016-12-27-02-30
2016-12-27-02-31
2016-12-27-02-32
2016-12-27-02-33
2016-12-27-02-34
2016-12-27-02-35
2016-12-27-02-36
2016-12-27-02-37
2016-12-27-02-38
2016-12-27-02-39
2016-12-27-02-40
2016-12-27-02-41
2016-12-27-02-42
2016-12-27-02-43
2016-12-27-02-44
2016-12-27-02-45
2016-12-27-02-46
2016-12-27-02-47
2016-12-27-02-48
2016-12-27-02-49
2016-12-27-02-50
2016-12-27-02-51
2016-12-27-02-52
2016-12-27-02-53
2016-12-27-02-54
2016-12-27-02-55
2016-12-27-02-56
2016-12-27-02-57
2016-12-27-02-58
2016-12-27-02-59
2016-12-27-03-00
2016-12-27-03-01
2016-12-27-03-02
2016-12-27-03-03
2016-12-27-03-04
2016-12-27-03-05
2016-12-27-03-06
2016-12-27-03-07
2016-12-27-03-08
2016-12-27-03-09
2016-12-27-03-10
2016-12-27-03-11
2016-12-27-03-12
2016-12-27-03-13
2016-12-27-03-14
2016-12-27-03-15
2016-12-27-03-16
2016-12-27-03-17
2016-12-27-03-18
2016-12-27-03-19
2016-12-27-03-20
2016-12-27-03-21
2016-12-27-03-22
2016-12-27-03-23
2016-12-27-03-24
2016-12-27-03-25
2016-12-27-03-26
2016-12-27-03-27
2016-12-27-03-28
2016-12-27-03-29
2016-12-27-03-30
2016-12-27-03-31
2016-12-27-03-32
2016-12-27-03-33
2016-12-27-03-34
2016-12-27-03-35
2016-12-27-03-36
2016-12-27-03-37
2016-12-27-03-38
2016-12-27-03-39
2016-12-27-03-40
2016-12-27-03-41
2016-12-27-03-42
2016-12-27-03-43
2016-12-27-03-44
2016-12-27-03-45
2016-12-27-03-46
2016-12-27-03-47
2016-12-27-03-48
2016-12-27-03-49
2016-12-27-03-50
2016-12-27-03-51
2016-12-27-03-52
2016-12-27-03-53
2016-12-27-03-54
2016-12-27-03-55
2016-12-27-03-56
2016-12-27-03-57
2016-12-27-03-58
2016-12-27-03-59
2016-12-27-04-00
2016-12-27-04-01
2016-12-27-04-02
2016-12-27-04-03
2016-12-27-04-04
2016-12-27-04-05
2016-12-27-04-06
2016-12-27-04-07
2016-12-27-04-08
2016-12-27-04-09
2016-12-27-04-10
2016-12-27-04-11
2016-12-27-04-12
2016-12-27-04-13
2016-12-27-04-14
2016-12-27-04-15
2016-12-27-04-16
2016-12-27-04-17
2016-12-27-04-18
2016-12-27-04-19
2016-12-27-04-20
2016-12-27-04-21
2016-12-27-04-22
2016-12-27-04-23
2016-12-27-04-24
2016-12-27-04-25
2016-12-27-04-26
2016-12-27-04-27
2016-12-27-04-28
2016-12-27-04-29
2016-12-27-04-30
2016-12-27-04-31
2016-12-27-04-32
2016-12-27-04-33
2016-12-27-04-34
2016-12-27-04-35
2016-12-27-04-36
2016-12-27-04-37
2016-12-27-04-38
2016-12-27-04-39
2016-12-27-04-40
2016-12-27-04-41
2016-12-27-04-42
2016-12-27-04-43
2016-12-27-04-44
2016-12-27-04-45
2016-12-27-04-46
2016-12-27-04-47
2016-12-27-04-48
2016-12-27-04-49
2016-12-27-04-50
2016-12-27-04-51
2016-12-27-04-52
2016-12-27-04-53
2016-12-27-04-54
2016-12-27-04-55
2016-12-27-04-56
2016-12-27-04-57
2016-12-27-04-58
2016-12-27-04-59
2016-12-27-05-00
2016-12-27-05-01
2016-12-27-05-02
2016-12-27-05-03
2016-12-27-05-04
2016-12-27-05-05
2016-12-27-05-06
2016-12-27-05-07
2016-12-27-05-08
2016-12-27-05-09
2016-12-27-05-10
2016-12-27-05-11
2016-12-27-05-12
2016-12-27-05-13
2016-12-27-05-14
2016-12-27-05-15
2016-12-27-05-16
2016-12-27-05-17
2016-12-27-05-18
2016-12-27-05-19
2016-12-27-05-20
2016-12-27-05-21
2016-12-27-05-22
2016-12-27-05-23
2016-12-27-05-24
2016-12-27-05-25
2016-12-27-05-26
2016-12-27-05-27
2016-12-27-05-28
2016-12-27-05-29
2016-12-27-05-30
2016-12-27-05-31
2016-12-27-05-32
2016-12-27-05-33
2016-12-27-05-34
2016-12-27-05-35
2016-12-27-05-36
2016-12-27-05-37
2016-12-27-05-38
2016-12-27-05-39
2016-12-27-05-40
2016-12-27-05-41
2016-12-27-05-42
2016-12-27-05-43
2016-12-27-05-44
2016-12-27-05-45
2016-12-27-05-46
2016-12-27-05-47
2016-12-27-05-48
2016-12-27-05-49
2016-12-27-05-50
2016-12-27-05-51
2016-12-27-05-52
2016-12-27-05-53
2016-12-27-05-54
2016-12-27-05-55
2016-12-27-05-56
2016-12-27-05-57
2016-12-27-05-58
2016-12-27-05-59
2016-12-27-06-00
2016-12-27-06-01
2016-12-27-06-02
2016-12-27-06-03
2016-12-27-06-04
2016-12-27-06-05
2016-12-27-06-06
2016-12-27-06-07
2016-12-27-06-08
2016-12-27-06-09
2016-12-27-06-10
2016-12-27-06-11
2016-12-27-06-12
2016-12-27-06-13
2016-12-27-06-14
2016-12-27-06-15
2016-12-27-06-16
2016-12-27-06-17
2016-12-27-06-18
2016-12-27-06-19
2016-12-27-06-20
2016-12-27-06-21
2016-12-27-06-22
2016-12-27-06-23
2016-12-27-06-24
2016-12-27-06-25
2016-12-27-06-26
2016-12-27-06-27
2016-12-27-06-28
2016-12-27-06-29
2016-12-27-06-30
2016-12-27-06-31
2016-12-27-06-32
2016-12-27-06-33
2016-12-27-06-34
2016-12-27-06-35
2016-12-27-06-36
2016-12-27-06-37
2016-12-27-06-38
2016-12-27-06-39
2016-12-27-06-40
2016-12-27-06-41
2016-12-27-06-42
2016-12-27-06-43
2016-12-27-06-44
2016-12-27-06-45
2016-12-27-06-46
2016-12-27-06-47
2016-12-27-06-48
2016-12-27-06-49
2016-12-27-06-50
2016-12-27-06-51
2016-12-27-06-52
2016-12-27-06-53
2016-12-27-06-54
2016-12-27-06-55
2016-12-27-06-56
2016-12-27-06-57
2016-12-27-06-58
2016-12-27-06-59
2016-12-27-07-00
2016-12-27-07-01
2016-12-27-07-02
2016-12-27-07-03
2016-12-27-07-04
2016-12-27-07-05
2016-12-27-07-06
2016-12-27-07-07
2016-12-27-07-08
2016-12-27-07-09
2016-12-27-07-10
2016-12-27-07-11
2016-12-27-07-12
2016-12-27-07-13
2016-12-27-07-14
2016-12-27-07-15
2016-12-27-07-16
2016-12-27-07-17
2016-12-27-07-18
2016-12-27-07-19
2016-12-27-07-20
2016-12-27-07-21
2016-12-27-07-22
2016-12-27-07-23
2016-12-27-07-24
2016-12-27-07-25
2016-12-27-07-26
2016-12-27-07-27
2016-12-27-07-28
2016-12-27-07-29
2016-12-27-07-30
2016-12-27-07-31
2016-12-27-07-32
2016-12-27-07-33
2016-12-27-07-34
2016-12-27-07-35
2016-12-27-07-36
2016-12-27-07-37
2016-12-27-07-38
2016-12-27-07-39
2016-12-27-07-40
2016-12-27-07-41
2016-12-27-07-42
2016-12-27-07-43
2016-12-27-07-44
2016-12-27-07-45
2016-12-27-07-46
2016-12-27-07-47
2016-12-27-07-48
2016-12-27-07-49
2016-12-27-07-50
2016-12-27-07-51
2016-12-27-07-52
2016-12-27-07-53
2016-12-27-07-54
2016-12-27-07-55
2016-12-27-07-56
2016-12-27-07-57
2016-12-27-07-58
2016-12-27-07-59
2016-12-27-08-00
2016-12-27-08-01
2016-12-27-08-02
2016-12-27-08-03
2016-12-27-08-04
2016-12-27-08-05
2016-12-27-08-06
2016-12-27-08-07
2016-12-27-08-08
2016-12-27-08-09
2016-12-27-08-10
2016-12-27-08-11
2016-12-27-08-12
2016-12-27-08-13
2016-12-27-08-14
2016-12-27-08-15
2016-12-27-08-16
2016-12-27-08-17
2016-12-27-08-18
2016-12-27-08-19
2016-12-27-08-20
2016-12-27-08-21
2016-12-27-08-22
2016-12-27-08-23
2016-12-27-08-24
2016-12-27-08-25
2016-12-27-08-26
2016-12-27-08-27
2016-12-27-08-28
2016-12-27-08-29
2016-12-27-08-30
2016-12-27-08-31
2016-12-27-08-32
2016-12-27-08-33
2016-12-27-08-34
2016-12-27-08-35
2016-12-27-08-36
2016-12-27-08-37
2016-12-27-08-38
2016-12-27-08-39
2016-12-27-08-40
2016-12-27-08-41
2016-12-27-08-42
2016-12-27-08-43
2016-12-27-08-44
2016-12-27-08-45
2016-12-27-08-46
2016-12-27-08-47
2016-12-27-08-48
2016-12-27-08-49
2016-12-27-08-50
2016-12-27-08-51
2016-12-27-08-52
2016-12-27-08-53
2016-12-27-08-54
2016-12-27-08-55
2016-12-27-08-56
2016-12-27-08-57
2016-12-27-08-58
2016-12-27-08-59
2016-12-27-09-00
2016-12-27-09-01
2016-12-27-09-02
2016-12-27-09-03
2016-12-27-09-04
2016-12-27-09-05
2016-12-27-09-06
2016-12-27-09-07
2016-12-27-09-08
2016-12-27-09-09
2016-12-27-09-10
2016-12-27-09-11
2016-12-27-09-12
2016-12-27-09-13
2016-12-27-09-14
2016-12-27-09-15
2016-12-27-09-16
2016-12-27-09-17
2016-12-27-09-18
2016-12-27-09-19
2016-12-27-09-20
2016-12-27-09-21
2016-12-27-09-22
2016-12-27-09-23
2016-12-27-09-24
2016-12-27-09-25
2016-12-27-09-26
2016-12-27-09-27
2016-12-27-09-28
2016-12-27-09-29
2016-12-27-09-30
2016-12-27-09-31
2016-12-27-09-32
2016-12-27-09-33
2016-12-27-09-34
2016-12-27-09-35
2016-12-27-09-36
2016-12-27-09-37
2016-12-27-09-38
2016-12-27-09-39
2016-12-27-09-40
2016-12-27-09-41
2016-12-27-09-42
2016-12-27-09-43
2016-12-27-09-44
2016-12-27-09-45
2016-12-27-09-46
2016-12-27-09-47
2016-12-27-09-48
2016-12-27-09-49
2016-12-27-09-50
2016-12-27-09-51
2016-12-27-09-52
wet
wet
wet
wet
wet
wet
wet
2016-12-27-09-53
2016-12-27-09-54
2016-12-27-09-55
2016-12-27-09-56
2016-12-27-09-57
2016-12-27-09-58
2016-12-27-09-59
2016-12-27-10-00
2016-12-27-10-01
2016-12-27-10-02
2016-12-27-10-03
2016-12-27-10-04
2016-12-27-10-05
2016-12-27-10-06
2016-12-27-10-07
2016-12-27-10-08
2016-12-27-10-09
2016-12-27-10-10
2016-12-27-10-11
2016-12-27-10-12
2016-12-27-10-13
2016-12-27-10-14
2016-12-27-10-15
2016-12-27-10-16
2016-12-27-10-17
2016-12-27-10-18
2016-12-27-10-19
2016-12-27-10-20
2016-12-27-10-21
2016-12-27-10-22
2016-12-27-10-23
2016-12-27-10-24
2016-12-27-10-25
2016-12-27-10-26
2016-12-27-10-27
2016-12-27-10-28
2016-12-27-10-29
2016-12-27-10-30
2016-12-27-10-31
2016-12-27-10-32
2016-12-27-10-33
2016-12-27-10-34
2016-12-27-10-35
2016-12-27-10-36
2016-12-27-10-37
2016-12-27-10-38
2016-12-27-10-39
2016-12-27-10-40
2016-12-27-10-41
2016-12-27-10-42
2016-12-27-10-43
2016-12-27-10-44
2016-12-27-10-45
2016-12-27-10-46
2016-12-27-10-47
2016-12-27-10-48
2016-12-27-10-49
2016-12-27-10-50
2016-12-27-10-51
2016-12-27-10-52
2016-12-27-10-53
2016-12-27-10-54
2016-12-27-10-55
2016-12-27-10-56
2016-12-27-10-57
2016-12-27-10-58
2016-12-27-10-59
2016-12-27-11-00
2016-12-27-11-01
2016-12-27-11-02
2016-12-27-11-03
2016-12-27-11-04
2016-12-27-11-05
2016-12-27-11-06
2016-12-27-11-07
2016-12-27-11-08
2016-12-27-11-09
2016-12-27-11-10
2016-12-27-11-11
2016-12-27-11-12
2016-12-27-11-13
2016-12-27-11-14
2016-12-27-11-15
2016-12-27-11-16
2016-12-27-11-17
2016-12-27-11-18
2016-12-27-11-19
2016-12-27-11-20
2016-12-27-11-21
2016-12-27-11-22
2016-12-27-11-23
2016-12-27-11-24
2016-12-27-11-25
2016-12-27-11-26
2016-12-27-11-27
2016-12-27-11-28
2016-12-27-11-29
2016-12-27-11-30
2016-12-27-11-31
2016-12-27-11-32
2016-12-27-11-33
2016-12-27-11-34
2016-12-27-11-35
2016-12-27-11-36
2016-12-27-11-37
2016-12-27-11-38
2016-12-27-11-39
2016-12-27-11-40
2016-12-27-11-41
2016-12-27-11-42
2016-12-27-11-43
2016-12-27-11-44
2016-12-27-11-45
2016-12-27-11-46
2016-12-27-11-47
2016-12-27-11-48
2016-12-27-11-49
2016-12-27-11-50
2016-12-27-11-51
2016-12-27-11-52
2016-12-27-11-53
2016-12-27-11-54
2016-12-27-11-55
2016-12-27-11-56
2016-12-27-11-57
2016-12-27-11-58
2016-12-27-11-59
2016-12-27-12-00
2016-12-27-12-01
2016-12-27-12-02
2016-12-27-12-03
2016-12-27-12-04
2016-12-27-12-05
2016-12-27-12-06
2016-12-27-12-07
2016-12-27-12-08
2016-12-27-12-09
2016-12-27-12-10
2016-12-27-12-11
2016-12-27-12-12
2016-12-27-12-13
2016-12-27-12-14
2016-12-27-12-15
2016-12-27-12-16
2016-12-27-12-17
2016-12-27-12-18
2016-12-27-12-19
2016-12-27-12-20
2016-12-27-12-21
2016-12-27-12-22
2016-12-27-12-23
2016-12-27-12-24
2016-12-27-12-25
2016-12-27-12-26
2016-12-27-12-27
2016-12-27-12-28
2016-12-27-12-29
2016-12-27-12-30
2016-12-27-12-31
2016-12-27-12-32
2016-12-27-12-33
2016-12-27-12-34
2016-12-27-12-35
2016-12-27-12-36
2016-12-27-12-37
2016-12-27-12-38
2016-12-27-12-39
2016-12-27-12-40
2016-12-27-12-41
2016-12-27-12-42
2016-12-27-12-43
2016-12-27-12-44
2016-12-27-12-45
2016-12-27-12-46
2016-12-27-12-47
2016-12-27-12-48
2016-12-27-12-49
2016-12-27-12-50
2016-12-27-12-51
2016-12-27-12-52
2016-12-27-12-53
2016-12-27-12-54
2016-12-27-12-55
2016-12-27-12-56
2016-12-27-12-57
2016-12-27-12-58
2016-12-27-12-59
2016-12-27-13-00
2016-12-27-13-01
2016-12-27-13-02
2016-12-27-13-03
2016-12-27-13-04
2016-12-27-13-05
2016-12-27-13-06
2016-12-27-13-07
2016-12-27-13-08
2016-12-27-13-09
2016-12-27-13-10
2016-12-27-13-11
2016-12-27-13-12
2016-12-27-13-13
2016-12-27-13-14
2016-12-27-13-15
2016-12-27-13-16
2016-12-27-13-17
2016-12-27-13-18
2016-12-27-13-19
2016-12-27-13-20
2016-12-27-13-21
2016-12-27-13-22
2016-12-27-13-23
2016-12-27-13-24
2016-12-27-13-25
2016-12-27-13-26
2016-12-27-13-27
2016-12-27-13-28
2016-12-27-13-29
2016-12-27-13-30
2016-12-27-13-31
2016-12-27-13-32
2016-12-27-13-33
2016-12-27-13-34
2016-12-27-13-35
2016-12-27-13-36
2016-12-27-13-37
2016-12-27-13-38
2016-12-27-13-39
2016-12-27-13-40
2016-12-27-13-41
2016-12-27-13-42
2016-12-27-13-43
2016-12-27-13-44
2016-12-27-13-45
2016-12-27-13-46
2016-12-27-13-47
2016-12-27-13-48
2016-12-27-13-49
2016-12-27-13-50
2016-12-27-13-51
2016-12-27-13-52
2016-12-27-13-53
2016-12-27-13-54
2016-12-27-13-55
2016-12-27-13-56
2016-12-27-13-57
2016-12-27-13-58
2016-12-27-13-59
2016-12-27-14-00
2016-12-27-14-01
2016-12-27-14-02
2016-12-27-14-03
2016-12-27-14-04
2016-12-27-14-05
2016-12-27-14-06
2016-12-27-14-07
2016-12-27-14-08
2016-12-27-14-09
2016-12-27-14-10
2016-12-27-14-11
2016-12-27-14-12
2016-12-27-14-13
2016-12-27-14-14
2016-12-27-14-15
2016-12-27-14-16
2016-12-27-14-17
2016-12-27-14-18
2016-12-27-14-19
2016-12-27-14-20
2016-12-27-14-21
2016-12-27-14-22
2016-12-27-14-23
2016-12-27-14-24
2016-12-27-14-25
2016-12-27-14-26
2016-12-27-14-27
2016-12-27-14-28
2016-12-27-14-29
2016-12-27-14-30
2016-12-27-14-31
2016-12-27-14-32
2016-12-27-14-33
2016-12-27-14-34
2016-12-27-14-35
2016-12-27-14-36
2016-12-27-14-37
2016-12-27-14-38
2016-12-27-14-39
2016-12-27-14-40
2016-12-27-14-41
2016-12-27-14-42
2016-12-27-14-43
2016-12-27-14-44
2016-12-27-14-45
2016-12-27-14-46
2016-12-27-14-47
2016-12-27-14-48
2016-12-27-14-49
2016-12-27-14-50
2016-12-27-14-51
2016-12-27-14-52
2016-12-27-14-53
2016-12-27-14-54
2016-12-27-14-55
2016-12-27-14-56
2016-12-27-14-57
2016-12-27-14-58
2016-12-27-14-59
2016-12-27-15-00
2016-12-27-15-01
2016-12-27-15-02
2016-12-27-15-03
2016-12-27-15-04
2016-12-27-15-05
2016-12-27-15-06
2016-12-27-15-07
2016-12-27-15-08
2016-12-27-15-09
2016-12-27-15-10
2016-12-27-15-11
2016-12-27-15-12
2016-12-27-15-13
2016-12-27-15-14
2016-12-27-15-15
2016-12-27-15-16
2016-12-27-15-17
2016-12-27-15-18
2016-12-27-15-19
2016-12-27-15-20
2016-12-27-15-21
2016-12-27-15-22
2016-12-27-15-23
2016-12-27-15-24
2016-12-27-15-25
2016-12-27-15-26
2016-12-27-15-27
2016-12-27-15-28
2016-12-27-15-29
2016-12-27-15-30
2016-12-27-15-31
2016-12-27-15-32
2016-12-27-15-33
2016-12-27-15-34
2016-12-27-15-35
2016-12-27-15-36
2016-12-27-15-37
2016-12-27-15-38
2016-12-27-15-39
2016-12-27-15-40
2016-12-27-15-41
2016-12-27-15-42
2016-12-27-15-43
2016-12-27-15-44
2016-12-27-15-45
2016-12-27-15-46
2016-12-27-15-47
2016-12-27-15-48
2016-12-27-15-49
2016-12-27-15-50
2016-12-27-15-51
2016-12-27-15-52
2016-12-27-15-53
2016-12-27-15-54
2016-12-27-15-55
2016-12-27-15-56
2016-12-27-15-57
2016-12-27-15-58
2016-12-27-15-59
2016-12-27-16-00
2016-12-27-16-01
2016-12-27-16-02
2016-12-27-16-03
2016-12-27-16-04
2016-12-27-16-05
2016-12-27-16-06
2016-12-27-16-07
2016-12-27-16-08
2016-12-27-16-09
2016-12-27-16-10
2016-12-27-16-11
2016-12-27-16-12
2016-12-27-16-13
2016-12-27-16-14
2016-12-27-16-15
2016-12-27-16-16
2016-12-27-16-17
2016-12-27-16-18
2016-12-27-16-19
2016-12-27-16-20
2016-12-27-16-21
2016-12-27-16-22
2016-12-27-16-23
2016-12-27-16-24
2016-12-27-16-25
2016-12-27-16-26
2016-12-27-16-27
2016-12-27-16-28
2016-12-27-16-29
2016-12-27-16-30
2016-12-27-16-31
2016-12-27-16-32
2016-12-27-16-33
2016-12-27-16-34
2016-12-27-16-35
2016-12-27-16-36
2016-12-27-16-37
2016-12-27-16-38
2016-12-27-16-39
2016-12-27-16-40
2016-12-27-16-41
2016-12-27-16-42
2016-12-27-16-43
2016-12-27-16-44
2016-12-27-16-45
2016-12-27-16-46
2016-12-27-16-47
2016-12-27-16-48
